# JRE version: OpenJDK Runtime Environment Temurin-17.0.7+7 (17.0.7+7) (build 17.0.7+7)
# Java VM: OpenJDK 64-Bit Server VM Temurin-17.0.7+7 (17.0.7+7, mixed mode, tiered, compressed oops, compressed class ptrs, parallel gc, windows-amd64)
GC Precious Log:
 CPUs: 8 total, 8 available
 Memory: 16107M
 Large Page Support: Disabled
 NUMA Support: Disabled
 Compressed Oops: Enabled (32-bit)
 Alignments: Space 512K, Generation 512K, Heap 2M
 Heap Min Capacity: 100M
 Heap Initial Capacity: 100M
 Heap Max Capacity: 1G
 Pre-touch: Disabled
 Parallel Workers: 8
Heap:
 PSYoungGen      total 18944K, used 14820K [0x00000000eab00000, 0x00000000ec580000, 0x0000000100000000)
  eden space 14848K, 74% used [0x00000000eab00000,0x00000000eb5bcc78,0x00000000eb980000)
  from space 4096K, 93% used [0x00000000ec180000,0x00000000ec53c6c0,0x00000000ec580000)
  to   space 5120K, 0% used [0x00000000ebb80000,0x00000000ebb80000,0x00000000ec080000)
 ParOldGen       total 155648K, used 138869K [0x00000000c0000000, 0x00000000c9800000, 0x00000000eab00000)
  object space 155648K, 89% used [0x00000000c0000000,0x00000000c879d4f8,0x00000000c9800000)
 Metaspace       used 81440K, committed 82560K, reserved 1179648K
  class space    used 8517K, committed 8960K, reserved 1048576K
GC Heap History (20 events):
Event: 238.304 GC heap before
{Heap before GC invocations=641 (full 21):
 PSYoungGen      total 13312K, used 13158K [0x00000000eab00000, 0x00000000ebb00000, 0x0000000100000000)
  eden space 10240K, 100% used [0x00000000eab00000,0x00000000eb500000,0x00000000eb500000)
  from space 3072K, 95% used [0x00000000eb500000,0x00000000eb7d99d0,0x00000000eb800000)
  to   space 3072K, 0% used [0x00000000eb800000,0x00000000eb800000,0x00000000ebb00000)
 ParOldGen       total 148480K, used 142511K [0x00000000c0000000, 0x00000000c9100000, 0x00000000eab00000)
  object space 148480K, 95% used [0x00000000c0000000,0x00000000c8b2bee8,0x00000000c9100000)
 Metaspace       used 81440K, committed 82560K, reserved 1179648K
  class space    used 8517K, committed 8960K, reserved 1048576K
}
Event: 238.309 GC heap after
{Heap after GC invocations=641 (full 21):
 PSYoungGen      total 9728K, used 3058K [0x00000000eab00000, 0x00000000ec300000, 0x0000000100000000)
  eden space 6656K, 0% used [0x00000000eab00000,0x00000000eab00000,0x00000000eb180000)
  from space 3072K, 99% used [0x00000000eb800000,0x00000000ebafca80,0x00000000ebb00000)
  to   space 6656K, 0% used [0x00000000eb180000,0x00000000eb180000,0x00000000eb800000)
 ParOldGen       total 148480K, used 145459K [0x00000000c0000000, 0x00000000c9100000, 0x00000000eab00000)
  object space 148480K, 97% used [0x00000000c0000000,0x00000000c8e0ccc8,0x00000000c9100000)
 Metaspace       used 81440K, committed 82560K, reserved 1179648K
  class space    used 8517K, committed 8960K, reserved 1048576K
}
Event: 238.309 GC heap before
{Heap before GC invocations=642 (full 22):
 PSYoungGen      total 9728K, used 3058K [0x00000000eab00000, 0x00000000ec300000, 0x0000000100000000)
  eden space 6656K, 0% used [0x00000000eab00000,0x00000000eab00000,0x00000000eb180000)
  from space 3072K, 99% used [0x00000000eb800000,0x00000000ebafca80,0x00000000ebb00000)
  to   space 6656K, 0% used [0x00000000eb180000,0x00000000eb180000,0x00000000eb800000)
 ParOldGen       total 148480K, used 145459K [0x00000000c0000000, 0x00000000c9100000, 0x00000000eab00000)
  object space 148480K, 97% used [0x00000000c0000000,0x00000000c8e0ccc8,0x00000000c9100000)
 Metaspace       used 81440K, committed 82560K, reserved 1179648K
  class space    used 8517K, committed 8960K, reserved 1048576K
}
Event: 238.410 GC heap after
{Heap after GC invocations=642 (full 22):
 PSYoungGen      total 13312K, used 0K [0x00000000eab00000, 0x00000000ebf80000, 0x0000000100000000)
  eden space 6656K, 0% used [0x00000000eab00000,0x00000000eab00000,0x00000000eb180000)
  from space 6656K, 0% used [0x00000000eb180000,0x00000000eb180000,0x00000000eb800000)
  to   space 6656K, 0% used [0x00000000eb900000,0x00000000eb900000,0x00000000ebf80000)
 ParOldGen       total 155648K, used 115859K [0x00000000c0000000, 0x00000000c9800000, 0x00000000eab00000)
  object space 155648K, 74% used [0x00000000c0000000,0x00000000c7124ed0,0x00000000c9800000)
 Metaspace       used 81440K, committed 82560K, reserved 1179648K
  class space    used 8517K, committed 8960K, reserved 1048576K
}
Event: 238.428 GC heap before
{Heap before GC invocations=643 (full 22):
 PSYoungGen      total 13312K, used 6656K [0x00000000eab00000, 0x00000000ebf80000, 0x0000000100000000)
  eden space 6656K, 100% used [0x00000000eab00000,0x00000000eb180000,0x00000000eb180000)
  from space 6656K, 0% used [0x00000000eb180000,0x00000000eb180000,0x00000000eb800000)
  to   space 6656K, 0% used [0x00000000eb900000,0x00000000eb900000,0x00000000ebf80000)
 ParOldGen       total 155648K, used 115859K [0x00000000c0000000, 0x00000000c9800000, 0x00000000eab00000)
  object space 155648K, 74% used [0x00000000c0000000,0x00000000c7124ed0,0x00000000c9800000)
 Metaspace       used 81440K, committed 82560K, reserved 1179648K
  class space    used 8517K, committed 8960K, reserved 1048576K
}
Event: 238.430 GC heap after
{Heap after GC invocations=643 (full 22):
 PSYoungGen      total 10240K, used 2230K [0x00000000eab00000, 0x00000000ebb80000, 0x0000000100000000)
  eden space 7680K, 0% used [0x00000000eab00000,0x00000000eab00000,0x00000000eb280000)
  from space 2560K, 87% used [0x00000000eb900000,0x00000000ebb2db58,0x00000000ebb80000)
  to   space 4096K, 0% used [0x00000000eb380000,0x00000000eb380000,0x00000000eb780000)
 ParOldGen       total 155648K, used 115859K [0x00000000c0000000, 0x00000000c9800000, 0x00000000eab00000)
  object space 155648K, 74% used [0x00000000c0000000,0x00000000c7124ed0,0x00000000c9800000)
 Metaspace       used 81440K, committed 82560K, reserved 1179648K
  class space    used 8517K, committed 8960K, reserved 1048576K
}
Event: 238.447 GC heap before
{Heap before GC invocations=644 (full 22):
 PSYoungGen      total 10240K, used 9910K [0x00000000eab00000, 0x00000000ebb80000, 0x0000000100000000)
  eden space 7680K, 100% used [0x00000000eab00000,0x00000000eb280000,0x00000000eb280000)
  from space 2560K, 87% used [0x00000000eb900000,0x00000000ebb2db58,0x00000000ebb80000)
  to   space 4096K, 0% used [0x00000000eb380000,0x00000000eb380000,0x00000000eb780000)
 ParOldGen       total 155648K, used 115859K [0x00000000c0000000, 0x00000000c9800000, 0x00000000eab00000)
  object space 155648K, 74% used [0x00000000c0000000,0x00000000c7124ed0,0x00000000c9800000)
 Metaspace       used 81440K, committed 82560K, reserved 1179648K
  class space    used 8517K, committed 8960K, reserved 1048576K
}
Event: 238.449 GC heap after
{Heap after GC invocations=644 (full 22):
 PSYoungGen      total 12800K, used 4072K [0x00000000eab00000, 0x00000000ebd80000, 0x0000000100000000)
  eden space 8704K, 0% used [0x00000000eab00000,0x00000000eab00000,0x00000000eb380000)
  from space 4096K, 99% used [0x00000000eb380000,0x00000000eb77a2e8,0x00000000eb780000)
  to   space 5120K, 0% used [0x00000000eb880000,0x00000000eb880000,0x00000000ebd80000)
 ParOldGen       total 155648K, used 116123K [0x00000000c0000000, 0x00000000c9800000, 0x00000000eab00000)
  object space 155648K, 74% used [0x00000000c0000000,0x00000000c7166ed0,0x00000000c9800000)
 Metaspace       used 81440K, committed 82560K, reserved 1179648K
  class space    used 8517K, committed 8960K, reserved 1048576K
}
Event: 238.466 GC heap before
{Heap before GC invocations=645 (full 22):
 PSYoungGen      total 12800K, used 12776K [0x00000000eab00000, 0x00000000ebd80000, 0x0000000100000000)
  eden space 8704K, 100% used [0x00000000eab00000,0x00000000eb380000,0x00000000eb380000)
  from space 4096K, 99% used [0x00000000eb380000,0x00000000eb77a2e8,0x00000000eb780000)
  to   space 5120K, 0% used [0x00000000eb880000,0x00000000eb880000,0x00000000ebd80000)
 ParOldGen       total 155648K, used 116123K [0x00000000c0000000, 0x00000000c9800000, 0x00000000eab00000)
  object space 155648K, 74% used [0x00000000c0000000,0x00000000c7166ed0,0x00000000c9800000)
 Metaspace       used 81440K, committed 82560K, reserved 1179648K
  class space    used 8517K, committed 8960K, reserved 1048576K
}
Event: 238.469 GC heap after
{Heap after GC invocations=645 (full 22):
 PSYoungGen      total 12800K, used 2655K [0x00000000eab00000, 0x00000000ebb80000, 0x0000000100000000)
  eden space 9728K, 0% used [0x00000000eab00000,0x00000000eab00000,0x00000000eb480000)
  from space 3072K, 86% used [0x00000000eb880000,0x00000000ebb17e88,0x00000000ebb80000)
  to   space 3584K, 0% used [0x00000000eb480000,0x00000000eb480000,0x00000000eb800000)
 ParOldGen       total 155648K, used 120286K [0x00000000c0000000, 0x00000000c9800000, 0x00000000eab00000)
  object space 155648K, 77% used [0x00000000c0000000,0x00000000c7577ba0,0x00000000c9800000)
 Metaspace       used 81440K, committed 82560K, reserved 1179648K
  class space    used 8517K, committed 8960K, reserved 1048576K
}
Event: 238.489 GC heap before
{Heap before GC invocations=646 (full 22):
 PSYoungGen      total 12800K, used 12383K [0x00000000eab00000, 0x00000000ebb80000, 0x0000000100000000)
  eden space 9728K, 100% used [0x00000000eab00000,0x00000000eb480000,0x00000000eb480000)
  from space 3072K, 86% used [0x00000000eb880000,0x00000000ebb17e88,0x00000000ebb80000)
  to   space 3584K, 0% used [0x00000000eb480000,0x00000000eb480000,0x00000000eb800000)
 ParOldGen       total 155648K, used 120286K [0x00000000c0000000, 0x00000000c9800000, 0x00000000eab00000)
  object space 155648K, 77% used [0x00000000c0000000,0x00000000c7577ba0,0x00000000c9800000)
 Metaspace       used 81440K, committed 82560K, reserved 1179648K
  class space    used 8517K, committed 8960K, reserved 1048576K
}
Event: 238.492 GC heap after
{Heap after GC invocations=646 (full 22):
 PSYoungGen      total 13312K, used 3579K [0x00000000eab00000, 0x00000000ec180000, 0x0000000100000000)
  eden space 9728K, 0% used [0x00000000eab00000,0x00000000eab00000,0x00000000eb480000)
  from space 3584K, 99% used [0x00000000eb480000,0x00000000eb7fef78,0x00000000eb800000)
  to   space 6144K, 0% used [0x00000000ebb80000,0x00000000ebb80000,0x00000000ec180000)
 ParOldGen       total 155648K, used 122035K [0x00000000c0000000, 0x00000000c9800000, 0x00000000eab00000)
  object space 155648K, 78% used [0x00000000c0000000,0x00000000c772cd70,0x00000000c9800000)
 Metaspace       used 81440K, committed 82560K, reserved 1179648K
  class space    used 8517K, committed 8960K, reserved 1048576K
}
Event: 238.513 GC heap before
{Heap before GC invocations=647 (full 22):
 PSYoungGen      total 13312K, used 13307K [0x00000000eab00000, 0x00000000ec180000, 0x0000000100000000)
  eden space 9728K, 100% used [0x00000000eab00000,0x00000000eb480000,0x00000000eb480000)
  from space 3584K, 99% used [0x00000000eb480000,0x00000000eb7fef78,0x00000000eb800000)
  to   space 6144K, 0% used [0x00000000ebb80000,0x00000000ebb80000,0x00000000ec180000)
 ParOldGen       total 155648K, used 122035K [0x00000000c0000000, 0x00000000c9800000, 0x00000000eab00000)
  object space 155648K, 78% used [0x00000000c0000000,0x00000000c772cd70,0x00000000c9800000)
 Metaspace       used 81440K, committed 82560K, reserved 1179648K
  class space    used 8517K, committed 8960K, reserved 1048576K
}
Event: 238.516 GC heap after
{Heap after GC invocations=647 (full 22):
 PSYoungGen      total 13824K, used 2720K [0x00000000eab00000, 0x00000000ebe80000, 0x0000000100000000)
  eden space 10752K, 0% used [0x00000000eab00000,0x00000000eab00000,0x00000000eb580000)
  from space 3072K, 88% used [0x00000000ebb80000,0x00000000ebe281b0,0x00000000ebe80000)
  to   space 4096K, 0% used [0x00000000eb680000,0x00000000eb680000,0x00000000eba80000)
 ParOldGen       total 155648K, used 125654K [0x00000000c0000000, 0x00000000c9800000, 0x00000000eab00000)
  object space 155648K, 80% used [0x00000000c0000000,0x00000000c7ab5838,0x00000000c9800000)
 Metaspace       used 81440K, committed 82560K, reserved 1179648K
  class space    used 8517K, committed 8960K, reserved 1048576K
}
Event: 238.535 GC heap before
{Heap before GC invocations=648 (full 22):
 PSYoungGen      total 13824K, used 13472K [0x00000000eab00000, 0x00000000ebe80000, 0x0000000100000000)
  eden space 10752K, 100% used [0x00000000eab00000,0x00000000eb580000,0x00000000eb580000)
  from space 3072K, 88% used [0x00000000ebb80000,0x00000000ebe281b0,0x00000000ebe80000)
  to   space 4096K, 0% used [0x00000000eb680000,0x00000000eb680000,0x00000000eba80000)
 ParOldGen       total 155648K, used 125654K [0x00000000c0000000, 0x00000000c9800000, 0x00000000eab00000)
  object space 155648K, 80% used [0x00000000c0000000,0x00000000c7ab5838,0x00000000c9800000)
 Metaspace       used 81440K, committed 82560K, reserved 1179648K
  class space    used 8517K, committed 8960K, reserved 1048576K
}
Event: 238.539 GC heap after
{Heap after GC invocations=648 (full 22):
 PSYoungGen      total 15872K, used 4086K [0x00000000eab00000, 0x00000000ec400000, 0x0000000100000000)
  eden space 11776K, 0% used [0x00000000eab00000,0x00000000eab00000,0x00000000eb680000)
  from space 4096K, 99% used [0x00000000eb680000,0x00000000eba7da88,0x00000000eba80000)
  to   space 6656K, 0% used [0x00000000ebd80000,0x00000000ebd80000,0x00000000ec400000)
 ParOldGen       total 155648K, used 127526K [0x00000000c0000000, 0x00000000c9800000, 0x00000000eab00000)
  object space 155648K, 81% used [0x00000000c0000000,0x00000000c7c89838,0x00000000c9800000)
 Metaspace       used 81440K, committed 82560K, reserved 1179648K
  class space    used 8517K, committed 8960K, reserved 1048576K
}
Event: 238.559 GC heap before
{Heap before GC invocations=649 (full 22):
 PSYoungGen      total 15872K, used 15862K [0x00000000eab00000, 0x00000000ec400000, 0x0000000100000000)
  eden space 11776K, 100% used [0x00000000eab00000,0x00000000eb680000,0x00000000eb680000)
  from space 4096K, 99% used [0x00000000eb680000,0x00000000eba7da88,0x00000000eba80000)
  to   space 6656K, 0% used [0x00000000ebd80000,0x00000000ebd80000,0x00000000ec400000)
 ParOldGen       total 155648K, used 127526K [0x00000000c0000000, 0x00000000c9800000, 0x00000000eab00000)
  object space 155648K, 81% used [0x00000000c0000000,0x00000000c7c89838,0x00000000c9800000)
 Metaspace       used 81440K, committed 82560K, reserved 1179648K
  class space    used 8517K, committed 8960K, reserved 1048576K
}
Event: 238.563 GC heap after
{Heap after GC invocations=649 (full 22):
 PSYoungGen      total 16896K, used 3514K [0x00000000eab00000, 0x00000000ec100000, 0x0000000100000000)
  eden space 13312K, 0% used [0x00000000eab00000,0x00000000eab00000,0x00000000eb800000)
  from space 3584K, 98% used [0x00000000ebd80000,0x00000000ec0ee978,0x00000000ec100000)
  to   space 4608K, 0% used [0x00000000eb800000,0x00000000eb800000,0x00000000ebc80000)
 ParOldGen       total 155648K, used 131658K [0x00000000c0000000, 0x00000000c9800000, 0x00000000eab00000)
  object space 155648K, 84% used [0x00000000c0000000,0x00000000c8092800,0x00000000c9800000)
 Metaspace       used 81440K, committed 82560K, reserved 1179648K
  class space    used 8517K, committed 8960K, reserved 1048576K
}
Event: 238.591 GC heap before
{Heap before GC invocations=650 (full 22):
 PSYoungGen      total 16896K, used 16826K [0x00000000eab00000, 0x00000000ec100000, 0x0000000100000000)
  eden space 13312K, 100% used [0x00000000eab00000,0x00000000eb800000,0x00000000eb800000)
  from space 3584K, 98% used [0x00000000ebd80000,0x00000000ec0ee978,0x00000000ec100000)
  to   space 4608K, 0% used [0x00000000eb800000,0x00000000eb800000,0x00000000ebc80000)
 ParOldGen       total 155648K, used 131658K [0x00000000c0000000, 0x00000000c9800000, 0x00000000eab00000)
  object space 155648K, 84% used [0x00000000c0000000,0x00000000c8092800,0x00000000c9800000)
 Metaspace       used 81440K, committed 82560K, reserved 1179648K
  class space    used 8517K, committed 8960K, reserved 1048576K
}
Event: 238.595 GC heap after
{Heap after GC invocations=650 (full 22):
 PSYoungGen      total 17920K, used 4601K [0x00000000eab00000, 0x00000000ec980000, 0x0000000100000000)
  eden space 13312K, 0% used [0x00000000eab00000,0x00000000eab00000,0x00000000eb800000)
  from space 4608K, 99% used [0x00000000eb800000,0x00000000ebc7e580,0x00000000ebc80000)
  to   space 8192K, 0% used [0x00000000ec180000,0x00000000ec180000,0x00000000ec980000)
 ParOldGen       total 155648K, used 134304K [0x00000000c0000000, 0x00000000c9800000, 0x00000000eab00000)
  object space 155648K, 86% used [0x00000000c0000000,0x00000000c8328110,0x00000000c9800000)
 Metaspace       used 81440K, committed 82560K, reserved 1179648K
  class space    used 8517K, committed 8960K, reserved 1048576K
}

