# JRE version: OpenJDK Runtime Environment Temurin-17.0.7+7 (17.0.7+7) (build 17.0.7+7)
# Java VM: OpenJDK 64-Bit Server VM Temurin-17.0.7+7 (17.0.7+7, mixed mode, tiered, compressed oops, compressed class ptrs, parallel gc, windows-amd64)
GC Precious Log:
 CPUs: 8 total, 8 available
 Memory: 16107M
 Large Page Support: Disabled
 NUMA Support: Disabled
 Compressed Oops: Enabled (32-bit)
 Alignments: Space 512K, Generation 512K, Heap 2M
 Heap Min Capacity: 100M
 Heap Initial Capacity: 100M
 Heap Max Capacity: 1G
 Pre-touch: Disabled
 Parallel Workers: 8
Heap:
 PSYoungGen      total 2560K, used 923K [0x00000000eab00000, 0x00000000eae80000, 0x0000000100000000)
  eden space 1536K, 25% used [0x00000000eab00000,0x00000000eab62d38,0x00000000eac80000)
  from space 1024K, 51% used [0x00000000eac80000,0x00000000ead04010,0x00000000ead80000)
  to   space 1024K, 0% used [0x00000000ead80000,0x00000000ead80000,0x00000000eae80000)
 ParOldGen       total 108544K, used 100464K [0x00000000c0000000, 0x00000000c6a00000, 0x00000000eab00000)
  object space 108544K, 92% used [0x00000000c0000000,0x00000000c621c150,0x00000000c6a00000)
 Metaspace       used 76555K, committed 77696K, reserved 1179648K
  class space    used 7862K, committed 8384K, reserved 1048576K
GC Heap History (20 events):
Event: 151.711 GC heap before
{Heap before GC invocations=477 (full 14):
 PSYoungGen      total 2048K, used 1951K [0x00000000eab00000, 0x00000000eae80000, 0x0000000100000000)
  eden space 1536K, 99% used [0x00000000eab00000,0x00000000eac7ff88,0x00000000eac80000)
  from space 512K, 81% used [0x00000000eac80000,0x00000000eace8000,0x00000000ead00000)
  to   space 1024K, 0% used [0x00000000ead80000,0x00000000ead80000,0x00000000eae80000)
 ParOldGen       total 108544K, used 98890K [0x00000000c0000000, 0x00000000c6a00000, 0x00000000eab00000)
  object space 108544K, 91% used [0x00000000c0000000,0x00000000c6092a68,0x00000000c6a00000)
 Metaspace       used 76503K, committed 77696K, reserved 1179648K
  class space    used 7860K, committed 8384K, reserved 1048576K
}
Event: 151.712 GC heap after
{Heap after GC invocations=477 (full 14):
 PSYoungGen      total 2560K, used 736K [0x00000000eab00000, 0x00000000eae80000, 0x0000000100000000)
  eden space 1536K, 0% used [0x00000000eab00000,0x00000000eab00000,0x00000000eac80000)
  from space 1024K, 71% used [0x00000000ead80000,0x00000000eae38000,0x00000000eae80000)
  to   space 1024K, 0% used [0x00000000eac80000,0x00000000eac80000,0x00000000ead80000)
 ParOldGen       total 108544K, used 99212K [0x00000000c0000000, 0x00000000c6a00000, 0x00000000eab00000)
  object space 108544K, 91% used [0x00000000c0000000,0x00000000c60e3390,0x00000000c6a00000)
 Metaspace       used 76503K, committed 77696K, reserved 1179648K
  class space    used 7860K, committed 8384K, reserved 1048576K
}
Event: 151.719 GC heap before
{Heap before GC invocations=478 (full 14):
 PSYoungGen      total 2560K, used 2270K [0x00000000eab00000, 0x00000000eae80000, 0x0000000100000000)
  eden space 1536K, 99% used [0x00000000eab00000,0x00000000eac7fad8,0x00000000eac80000)
  from space 1024K, 71% used [0x00000000ead80000,0x00000000eae38000,0x00000000eae80000)
  to   space 1024K, 0% used [0x00000000eac80000,0x00000000eac80000,0x00000000ead80000)
 ParOldGen       total 108544K, used 99212K [0x00000000c0000000, 0x00000000c6a00000, 0x00000000eab00000)
  object space 108544K, 91% used [0x00000000c0000000,0x00000000c60e3390,0x00000000c6a00000)
 Metaspace       used 76509K, committed 77696K, reserved 1179648K
  class space    used 7860K, committed 8384K, reserved 1048576K
}
Event: 151.720 GC heap after
{Heap after GC invocations=478 (full 14):
 PSYoungGen      total 2560K, used 608K [0x00000000eab00000, 0x00000000eae80000, 0x0000000100000000)
  eden space 1536K, 0% used [0x00000000eab00000,0x00000000eab00000,0x00000000eac80000)
  from space 1024K, 59% used [0x00000000eac80000,0x00000000ead18000,0x00000000ead80000)
  to   space 1024K, 0% used [0x00000000ead80000,0x00000000ead80000,0x00000000eae80000)
 ParOldGen       total 108544K, used 99220K [0x00000000c0000000, 0x00000000c6a00000, 0x00000000eab00000)
  object space 108544K, 91% used [0x00000000c0000000,0x00000000c60e5390,0x00000000c6a00000)
 Metaspace       used 76509K, committed 77696K, reserved 1179648K
  class space    used 7860K, committed 8384K, reserved 1048576K
}
Event: 151.735 GC heap before
{Heap before GC invocations=479 (full 14):
 PSYoungGen      total 2560K, used 2144K [0x00000000eab00000, 0x00000000eae80000, 0x0000000100000000)
  eden space 1536K, 100% used [0x00000000eab00000,0x00000000eac80000,0x00000000eac80000)
  from space 1024K, 59% used [0x00000000eac80000,0x00000000ead18000,0x00000000ead80000)
  to   space 1024K, 0% used [0x00000000ead80000,0x00000000ead80000,0x00000000eae80000)
 ParOldGen       total 108544K, used 99220K [0x00000000c0000000, 0x00000000c6a00000, 0x00000000eab00000)
  object space 108544K, 91% used [0x00000000c0000000,0x00000000c60e5390,0x00000000c6a00000)
 Metaspace       used 76540K, committed 77696K, reserved 1179648K
  class space    used 7862K, committed 8384K, reserved 1048576K
}
Event: 151.737 GC heap after
{Heap after GC invocations=479 (full 14):
 PSYoungGen      total 2048K, used 256K [0x00000000eab00000, 0x00000000eae00000, 0x0000000100000000)
  eden space 1536K, 0% used [0x00000000eab00000,0x00000000eab00000,0x00000000eac80000)
  from space 512K, 50% used [0x00000000ead80000,0x00000000eadc0000,0x00000000eae00000)
  to   space 512K, 0% used [0x00000000ead00000,0x00000000ead00000,0x00000000ead80000)
 ParOldGen       total 108544K, used 99668K [0x00000000c0000000, 0x00000000c6a00000, 0x00000000eab00000)
  object space 108544K, 91% used [0x00000000c0000000,0x00000000c6155390,0x00000000c6a00000)
 Metaspace       used 76540K, committed 77696K, reserved 1179648K
  class space    used 7862K, committed 8384K, reserved 1048576K
}
Event: 152.193 GC heap before
{Heap before GC invocations=480 (full 14):
 PSYoungGen      total 2048K, used 1792K [0x00000000eab00000, 0x00000000eae00000, 0x0000000100000000)
  eden space 1536K, 100% used [0x00000000eab00000,0x00000000eac80000,0x00000000eac80000)
  from space 512K, 50% used [0x00000000ead80000,0x00000000eadc0000,0x00000000eae00000)
  to   space 512K, 0% used [0x00000000ead00000,0x00000000ead00000,0x00000000ead80000)
 ParOldGen       total 108544K, used 99668K [0x00000000c0000000, 0x00000000c6a00000, 0x00000000eab00000)
  object space 108544K, 91% used [0x00000000c0000000,0x00000000c6155390,0x00000000c6a00000)
 Metaspace       used 76546K, committed 77696K, reserved 1179648K
  class space    used 7862K, committed 8384K, reserved 1048576K
}
Event: 152.194 GC heap after
{Heap after GC invocations=480 (full 14):
 PSYoungGen      total 2048K, used 288K [0x00000000eab00000, 0x00000000eae00000, 0x0000000100000000)
  eden space 1536K, 0% used [0x00000000eab00000,0x00000000eab00000,0x00000000eac80000)
  from space 512K, 56% used [0x00000000ead00000,0x00000000ead48000,0x00000000ead80000)
  to   space 512K, 0% used [0x00000000ead80000,0x00000000ead80000,0x00000000eae00000)
 ParOldGen       total 108544K, used 99692K [0x00000000c0000000, 0x00000000c6a00000, 0x00000000eab00000)
  object space 108544K, 91% used [0x00000000c0000000,0x00000000c615b390,0x00000000c6a00000)
 Metaspace       used 76546K, committed 77696K, reserved 1179648K
  class space    used 7862K, committed 8384K, reserved 1048576K
}
Event: 152.387 GC heap before
{Heap before GC invocations=481 (full 14):
 PSYoungGen      total 2048K, used 1823K [0x00000000eab00000, 0x00000000eae00000, 0x0000000100000000)
  eden space 1536K, 99% used [0x00000000eab00000,0x00000000eac7ffe8,0x00000000eac80000)
  from space 512K, 56% used [0x00000000ead00000,0x00000000ead48000,0x00000000ead80000)
  to   space 512K, 0% used [0x00000000ead80000,0x00000000ead80000,0x00000000eae00000)
 ParOldGen       total 108544K, used 99692K [0x00000000c0000000, 0x00000000c6a00000, 0x00000000eab00000)
  object space 108544K, 91% used [0x00000000c0000000,0x00000000c615b390,0x00000000c6a00000)
 Metaspace       used 76548K, committed 77696K, reserved 1179648K
  class space    used 7862K, committed 8384K, reserved 1048576K
}
Event: 152.388 GC heap after
{Heap after GC invocations=481 (full 14):
 PSYoungGen      total 2048K, used 512K [0x00000000eab00000, 0x00000000eae80000, 0x0000000100000000)
  eden space 1536K, 0% used [0x00000000eab00000,0x00000000eab00000,0x00000000eac80000)
  from space 512K, 100% used [0x00000000ead80000,0x00000000eae00000,0x00000000eae00000)
  to   space 1024K, 0% used [0x00000000eac80000,0x00000000eac80000,0x00000000ead80000)
 ParOldGen       total 108544K, used 99708K [0x00000000c0000000, 0x00000000c6a00000, 0x00000000eab00000)
  object space 108544K, 91% used [0x00000000c0000000,0x00000000c615f390,0x00000000c6a00000)
 Metaspace       used 76548K, committed 77696K, reserved 1179648K
  class space    used 7862K, committed 8384K, reserved 1048576K
}
Event: 152.478 GC heap before
{Heap before GC invocations=482 (full 14):
 PSYoungGen      total 2048K, used 2048K [0x00000000eab00000, 0x00000000eae80000, 0x0000000100000000)
  eden space 1536K, 100% used [0x00000000eab00000,0x00000000eac80000,0x00000000eac80000)
  from space 512K, 100% used [0x00000000ead80000,0x00000000eae00000,0x00000000eae00000)
  to   space 1024K, 0% used [0x00000000eac80000,0x00000000eac80000,0x00000000ead80000)
 ParOldGen       total 108544K, used 99708K [0x00000000c0000000, 0x00000000c6a00000, 0x00000000eab00000)
  object space 108544K, 91% used [0x00000000c0000000,0x00000000c615f390,0x00000000c6a00000)
 Metaspace       used 76548K, committed 77696K, reserved 1179648K
  class space    used 7862K, committed 8384K, reserved 1048576K
}
Event: 152.479 GC heap after
{Heap after GC invocations=482 (full 14):
 PSYoungGen      total 2560K, used 944K [0x00000000eab00000, 0x00000000eaf80000, 0x0000000100000000)
  eden space 1536K, 0% used [0x00000000eab00000,0x00000000eab00000,0x00000000eac80000)
  from space 1024K, 92% used [0x00000000eac80000,0x00000000ead6c010,0x00000000ead80000)
  to   space 1536K, 0% used [0x00000000eae00000,0x00000000eae00000,0x00000000eaf80000)
 ParOldGen       total 108544K, used 99804K [0x00000000c0000000, 0x00000000c6a00000, 0x00000000eab00000)
  object space 108544K, 91% used [0x00000000c0000000,0x00000000c6177390,0x00000000c6a00000)
 Metaspace       used 76548K, committed 77696K, reserved 1179648K
  class space    used 7862K, committed 8384K, reserved 1048576K
}
Event: 152.486 GC heap before
{Heap before GC invocations=483 (full 14):
 PSYoungGen      total 2560K, used 2480K [0x00000000eab00000, 0x00000000eaf80000, 0x0000000100000000)
  eden space 1536K, 99% used [0x00000000eab00000,0x00000000eac7fff8,0x00000000eac80000)
  from space 1024K, 92% used [0x00000000eac80000,0x00000000ead6c010,0x00000000ead80000)
  to   space 1536K, 0% used [0x00000000eae00000,0x00000000eae00000,0x00000000eaf80000)
 ParOldGen       total 108544K, used 99804K [0x00000000c0000000, 0x00000000c6a00000, 0x00000000eab00000)
  object space 108544K, 91% used [0x00000000c0000000,0x00000000c6177390,0x00000000c6a00000)
 Metaspace       used 76548K, committed 77696K, reserved 1179648K
  class space    used 7862K, committed 8384K, reserved 1048576K
}
Event: 152.487 GC heap after
{Heap after GC invocations=483 (full 14):
 PSYoungGen      total 3072K, used 1248K [0x00000000eab00000, 0x00000000eaf80000, 0x0000000100000000)
  eden space 1536K, 0% used [0x00000000eab00000,0x00000000eab00000,0x00000000eac80000)
  from space 1536K, 81% used [0x00000000eae00000,0x00000000eaf38000,0x00000000eaf80000)
  to   space 1536K, 0% used [0x00000000eac80000,0x00000000eac80000,0x00000000eae00000)
 ParOldGen       total 108544K, used 99804K [0x00000000c0000000, 0x00000000c6a00000, 0x00000000eab00000)
  object space 108544K, 91% used [0x00000000c0000000,0x00000000c6177390,0x00000000c6a00000)
 Metaspace       used 76548K, committed 77696K, reserved 1179648K
  class space    used 7862K, committed 8384K, reserved 1048576K
}
Event: 152.493 GC heap before
{Heap before GC invocations=484 (full 14):
 PSYoungGen      total 3072K, used 2783K [0x00000000eab00000, 0x00000000eaf80000, 0x0000000100000000)
  eden space 1536K, 99% used [0x00000000eab00000,0x00000000eac7fff0,0x00000000eac80000)
  from space 1536K, 81% used [0x00000000eae00000,0x00000000eaf38000,0x00000000eaf80000)
  to   space 1536K, 0% used [0x00000000eac80000,0x00000000eac80000,0x00000000eae00000)
 ParOldGen       total 108544K, used 99804K [0x00000000c0000000, 0x00000000c6a00000, 0x00000000eab00000)
  object space 108544K, 91% used [0x00000000c0000000,0x00000000c6177390,0x00000000c6a00000)
 Metaspace       used 76548K, committed 77696K, reserved 1179648K
  class space    used 7862K, committed 8384K, reserved 1048576K
}
Event: 152.494 GC heap after
{Heap after GC invocations=484 (full 14):
 PSYoungGen      total 3072K, used 1184K [0x00000000eab00000, 0x00000000eaf80000, 0x0000000100000000)
  eden space 1536K, 0% used [0x00000000eab00000,0x00000000eab00000,0x00000000eac80000)
  from space 1536K, 77% used [0x00000000eac80000,0x00000000eada8000,0x00000000eae00000)
  to   space 1536K, 0% used [0x00000000eae00000,0x00000000eae00000,0x00000000eaf80000)
 ParOldGen       total 108544K, used 99804K [0x00000000c0000000, 0x00000000c6a00000, 0x00000000eab00000)
  object space 108544K, 91% used [0x00000000c0000000,0x00000000c6177390,0x00000000c6a00000)
 Metaspace       used 76548K, committed 77696K, reserved 1179648K
  class space    used 7862K, committed 8384K, reserved 1048576K
}
Event: 152.603 GC heap before
{Heap before GC invocations=485 (full 14):
 PSYoungGen      total 3072K, used 2720K [0x00000000eab00000, 0x00000000eaf80000, 0x0000000100000000)
  eden space 1536K, 100% used [0x00000000eab00000,0x00000000eac80000,0x00000000eac80000)
  from space 1536K, 77% used [0x00000000eac80000,0x00000000eada8000,0x00000000eae00000)
  to   space 1536K, 0% used [0x00000000eae00000,0x00000000eae00000,0x00000000eaf80000)
 ParOldGen       total 108544K, used 99804K [0x00000000c0000000, 0x00000000c6a00000, 0x00000000eab00000)
  object space 108544K, 91% used [0x00000000c0000000,0x00000000c6177390,0x00000000c6a00000)
 Metaspace       used 76550K, committed 77696K, reserved 1179648K
  class space    used 7862K, committed 8384K, reserved 1048576K
}
Event: 152.605 GC heap after
{Heap after GC invocations=485 (full 14):
 PSYoungGen      total 2048K, used 432K [0x00000000eab00000, 0x00000000eae80000, 0x0000000100000000)
  eden space 1536K, 0% used [0x00000000eab00000,0x00000000eab00000,0x00000000eac80000)
  from space 512K, 84% used [0x00000000eae00000,0x00000000eae6c010,0x00000000eae80000)
  to   space 1024K, 0% used [0x00000000eac80000,0x00000000eac80000,0x00000000ead80000)
 ParOldGen       total 108544K, used 100464K [0x00000000c0000000, 0x00000000c6a00000, 0x00000000eab00000)
  object space 108544K, 92% used [0x00000000c0000000,0x00000000c621c150,0x00000000c6a00000)
 Metaspace       used 76550K, committed 77696K, reserved 1179648K
  class space    used 7862K, committed 8384K, reserved 1048576K
}
Event: 152.612 GC heap before
{Heap before GC invocations=486 (full 14):
 PSYoungGen      total 2048K, used 1968K [0x00000000eab00000, 0x00000000eae80000, 0x0000000100000000)
  eden space 1536K, 100% used [0x00000000eab00000,0x00000000eac80000,0x00000000eac80000)
  from space 512K, 84% used [0x00000000eae00000,0x00000000eae6c010,0x00000000eae80000)
  to   space 1024K, 0% used [0x00000000eac80000,0x00000000eac80000,0x00000000ead80000)
 ParOldGen       total 108544K, used 100464K [0x00000000c0000000, 0x00000000c6a00000, 0x00000000eab00000)
  object space 108544K, 92% used [0x00000000c0000000,0x00000000c621c150,0x00000000c6a00000)
 Metaspace       used 76554K, committed 77696K, reserved 1179648K
  class space    used 7862K, committed 8384K, reserved 1048576K
}
Event: 152.613 GC heap after
{Heap after GC invocations=486 (full 14):
 PSYoungGen      total 2560K, used 528K [0x00000000eab00000, 0x00000000eae80000, 0x0000000100000000)
  eden space 1536K, 0% used [0x00000000eab00000,0x00000000eab00000,0x00000000eac80000)
  from space 1024K, 51% used [0x00000000eac80000,0x00000000ead04010,0x00000000ead80000)
  to   space 1024K, 0% used [0x00000000ead80000,0x00000000ead80000,0x00000000eae80000)
 ParOldGen       total 108544K, used 100464K [0x00000000c0000000, 0x00000000c6a00000, 0x00000000eab00000)
  object space 108544K, 92% used [0x00000000c0000000,0x00000000c621c150,0x00000000c6a00000)
 Metaspace       used 76554K, committed 77696K, reserved 1179648K
  class space    used 7862K, committed 8384K, reserved 1048576K
}

